<?xml version="1.0" encoding="UTF-8"?>
<testng-results skipped="0" failed="0" ignored="0" total="1" passed="1">
  <reporter-output>
  </reporter-output>
  <suite name="Default suite" duration-ms="2219" started-at="2021-09-19T22:54:33 EET" finished-at="2021-09-19T22:54:35 EET">
    <groups>
    </groups>
    <test name="Default test" duration-ms="2219" started-at="2021-09-19T22:54:33 EET" finished-at="2021-09-19T22:54:35 EET">
      <class name="apiTest.LoginTest">
        <test-method status="PASS" signature="validLogin()[pri:0, instance:apiTest.LoginTest@1dfe2924]" name="validLogin" duration-ms="2196" started-at="2021-09-19T22:54:33 EET" finished-at="2021-09-19T22:54:35 EET">
          <reporter-output>
          </reporter-output>
        </test-method> <!-- validLogin -->
      </class> <!-- apiTest.LoginTest -->
    </test> <!-- Default test -->
  </suite> <!-- Default suite -->
</testng-results>
