<?xml version="1.0" encoding="UTF-8"?>
<testng-results skipped="0" failed="0" ignored="0" total="1" passed="1">
  <reporter-output>
  </reporter-output>
  <suite name="Default suite" duration-ms="1949" started-at="2021-09-27T00:12:59 EET" finished-at="2021-09-27T00:13:01 EET">
    <groups>
    </groups>
    <test name="Default test" duration-ms="1949" started-at="2021-09-27T00:12:59 EET" finished-at="2021-09-27T00:13:01 EET">
      <class name="apiTest.UserTest">
        <test-method status="PASS" signature="beforeClass()[pri:0, instance:apiTest.UserTest@22a67b4]" name="beforeClass" is-config="true" duration-ms="331" started-at="2021-09-27T00:12:59 EET" finished-at="2021-09-27T00:12:59 EET">
          <reporter-output>
          </reporter-output>
        </test-method> <!-- beforeClass -->
        <test-method status="PASS" signature="createUser()[pri:1, instance:apiTest.UserTest@22a67b4]" name="createUser" duration-ms="1590" started-at="2021-09-27T00:12:59 EET" finished-at="2021-09-27T00:13:01 EET">
          <reporter-output>
          </reporter-output>
        </test-method> <!-- createUser -->
      </class> <!-- apiTest.UserTest -->
    </test> <!-- Default test -->
  </suite> <!-- Default suite -->
</testng-results>
